<?xml version="1.0" encoding="UTF-8"?><testsuite name="nosetests" tests="6" errors="0" failures="0" skip="0"><testcase classname="ExperimentTest.MyTestCase" name="test_t1" time="0.000"></testcase><testcase classname="ExperimentTest.MyTestCase" name="test_t2" time="0.000"></testcase><testcase classname="ExperimentTest.MyTestCase" name="test_t3" time="0.000"></testcase><testcase classname="ExperimentTest.MyTestCase" name="test_t4" time="0.000"></testcase><testcase classname="ExperimentTest.MyTestCase" name="test_t5" time="0.000"></testcase><testcase classname="ExperimentTest.MyTestCase" name="test_t6" time="0.000"></testcase></testsuite>